[2025-05-02 13:20:14] [DEBUG] [app] Ping!
[2025-05-02 13:20:14] [DEBUG] [app] Ping!
[2025-05-02 13:20:14] [DEBUG] [app] Ping!
[2025-05-02 13:27:26] [DEBUG] [app] Ping!
[2025-05-02 13:27:26] [DEBUG] [app] Ping!
[2025-05-02 13:27:26] [DEBUG] [app] Ping!
[2025-05-04 06:17:16] [WARNING] [app] DB sessions is not connected, waiting...
[2025-05-04 06:17:16] [WARNING] [app] DB sessions is not connected, waiting...
[2025-05-04 06:17:20] [WARNING] [app] DB sessions is not connected, waiting...
[2025-05-04 06:17:20] [WARNING] [app] DB sessions is not connected, waiting...
[2025-05-04 06:17:21] [WARNING] [app] DB sessions is not connected, waiting...
[2025-05-04 06:17:21] [WARNING] [app] DB sessions is not connected, waiting...
[2025-05-04 06:17:25] [WARNING] [app] DB sessions is not connected, waiting...
[2025-05-04 06:17:25] [WARNING] [app] DB sessions is not connected, waiting...
[2025-05-04 06:17:26] [WARNING] [app] DB sessions is not connected, waiting...
[2025-05-04 06:17:26] [WARNING] [app] DB sessions is not connected, waiting...
[2025-05-04 06:17:30] [WARNING] [app] DB sessions is not connected, waiting...
[2025-05-04 06:17:30] [WARNING] [app] DB sessions is not connected, waiting...
[2025-05-04 06:17:31] [WARNING] [app] DB sessions is not connected, waiting...
[2025-05-04 06:17:31] [WARNING] [app] DB sessions is not connected, waiting...
[2025-05-04 06:17:35] [WARNING] [app] DB sessions is not connected, waiting...
[2025-05-04 06:17:35] [WARNING] [app] DB sessions is not connected, waiting...
[2025-05-04 06:17:36] [WARNING] [app] DB sessions is not connected, waiting...
[2025-05-04 06:17:36] [WARNING] [app] DB sessions is not connected, waiting...
[2025-05-04 06:18:07] [WARNING] [app] Main server is not running, waiting...
[2025-05-04 06:18:07] [WARNING] [app] Main server is not running, waiting...
[2025-05-04 06:18:10] [WARNING] [app] Main server is not running, waiting...
[2025-05-04 06:18:10] [WARNING] [app] Main server is not running, waiting...
[2025-05-04 06:18:12] [WARNING] [app] Main server is not running, waiting...
[2025-05-04 06:18:12] [WARNING] [app] Main server is not running, waiting...
[2025-05-04 10:02:32] [WARNING] [app] Main server is not running, waiting...
[2025-05-04 10:02:32] [WARNING] [app] Main server is not running, waiting...
[2025-05-04 10:02:37] [WARNING] [app] Main server is not running, waiting...
[2025-05-04 10:02:37] [WARNING] [app] Main server is not running, waiting...
[2025-05-04 10:02:42] [WARNING] [app] Main server is not running, waiting...
[2025-05-04 10:02:42] [WARNING] [app] Main server is not running, waiting...
[2025-05-04 10:02:47] [WARNING] [app] Main server is not running, waiting...
[2025-05-04 10:02:47] [WARNING] [app] Main server is not running, waiting...
[2025-05-04 10:02:52] [WARNING] [app] Main server is not running, waiting...
[2025-05-04 10:02:52] [WARNING] [app] Main server is not running, waiting...
[2025-05-04 10:02:55] [WARNING] [app] Main server is not running, waiting...
[2025-05-04 10:02:55] [WARNING] [app] Main server is not running, waiting...
[2025-05-04 10:03:00] [WARNING] [app] Main server is not running, waiting...
[2025-05-04 10:03:00] [WARNING] [app] Main server is not running, waiting...
[2025-05-04 10:03:05] [WARNING] [app] Main server is not running, waiting...
[2025-05-04 10:03:05] [WARNING] [app] Main server is not running, waiting...
[2025-05-04 10:03:10] [WARNING] [app] Main server is not running, waiting...
[2025-05-04 10:03:10] [WARNING] [app] Main server is not running, waiting...
[2025-05-04 10:03:15] [WARNING] [app] Main server is not running, waiting...
[2025-05-04 10:03:15] [WARNING] [app] Main server is not running, waiting...
[2025-05-04 10:03:20] [WARNING] [app] Main server is not running, waiting...
[2025-05-04 10:03:20] [WARNING] [app] Main server is not running, waiting...
[2025-05-04 10:03:25] [WARNING] [app] Main server is not running, waiting...
[2025-05-04 10:03:25] [WARNING] [app] Main server is not running, waiting...
[2025-05-04 10:03:30] [WARNING] [app] Main server is not running, waiting...
[2025-05-04 10:03:30] [WARNING] [app] Main server is not running, waiting...
[2025-05-04 10:03:35] [WARNING] [app] Main server is not running, waiting...
[2025-05-04 10:03:35] [WARNING] [app] Main server is not running, waiting...
[2025-05-04 10:03:40] [WARNING] [app] Main server is not running, waiting...
[2025-05-04 10:03:40] [WARNING] [app] Main server is not running, waiting...
[2025-05-04 10:03:45] [WARNING] [app] Main server is not running, waiting...
[2025-05-04 10:03:45] [WARNING] [app] Main server is not running, waiting...
[2025-05-04 10:07:50] [WARNING] [app] Main server is not running, waiting...
[2025-05-04 10:07:50] [WARNING] [app] Main server is not running, waiting...
[2025-05-04 10:07:54] [WARNING] [app] Main server is not running, waiting...
[2025-05-04 10:07:54] [WARNING] [app] Main server is not running, waiting...
[2025-05-04 10:07:55] [WARNING] [app] Main server is not running, waiting...
[2025-05-04 10:07:55] [WARNING] [app] Main server is not running, waiting...
[2025-05-04 10:07:59] [WARNING] [app] Main server is not running, waiting...
[2025-05-04 10:07:59] [WARNING] [app] Main server is not running, waiting...
[2025-05-04 10:08:00] [WARNING] [app] Main server is not running, waiting...
[2025-05-04 10:08:00] [WARNING] [app] Main server is not running, waiting...
[2025-05-04 10:12:49] [WARNING] [app] Failed to contact server at /api/test: 'NoneType' object has no attribute 'rfind'
[2025-05-04 10:12:49] [WARNING] [app] Failed to contact server at /api/test: 'NoneType' object has no attribute 'rfind'
[2025-05-04 10:12:53] [WARNING] [app] Failed to contact server at /api/test: 'NoneType' object has no attribute 'rfind'
[2025-05-04 10:12:53] [WARNING] [app] Failed to contact server at /api/test: 'NoneType' object has no attribute 'rfind'
[2025-05-04 10:12:55] [WARNING] [app] Failed to contact server at /api/test: 'NoneType' object has no attribute 'rfind'
[2025-05-04 10:12:55] [WARNING] [app] Failed to contact server at /api/test: 'NoneType' object has no attribute 'rfind'
[2025-05-04 10:12:58] [WARNING] [app] Failed to contact server at /api/test: 'NoneType' object has no attribute 'rfind'
[2025-05-04 10:12:58] [WARNING] [app] Failed to contact server at /api/test: 'NoneType' object has no attribute 'rfind'
[2025-05-04 10:13:00] [WARNING] [app] Failed to contact server at /api/test: 'NoneType' object has no attribute 'rfind'
[2025-05-04 10:13:00] [WARNING] [app] Failed to contact server at /api/test: 'NoneType' object has no attribute 'rfind'
[2025-05-04 10:13:03] [WARNING] [app] Failed to contact server at /api/test: 'NoneType' object has no attribute 'rfind'
[2025-05-04 10:13:03] [WARNING] [app] Failed to contact server at /api/test: 'NoneType' object has no attribute 'rfind'
[2025-05-04 10:13:05] [WARNING] [app] Failed to contact server at /api/test: 'NoneType' object has no attribute 'rfind'
[2025-05-04 10:13:05] [WARNING] [app] Failed to contact server at /api/test: 'NoneType' object has no attribute 'rfind'
[2025-05-04 10:13:08] [WARNING] [app] Failed to contact server at /api/test: 'NoneType' object has no attribute 'rfind'
[2025-05-04 10:13:08] [WARNING] [app] Failed to contact server at /api/test: 'NoneType' object has no attribute 'rfind'
[2025-05-04 10:13:10] [WARNING] [app] Failed to contact server at /api/test: 'NoneType' object has no attribute 'rfind'
[2025-05-04 10:13:10] [WARNING] [app] Failed to contact server at /api/test: 'NoneType' object has no attribute 'rfind'
[2025-05-04 10:13:13] [WARNING] [app] Failed to contact server at /api/test: 'NoneType' object has no attribute 'rfind'
[2025-05-04 10:13:13] [WARNING] [app] Failed to contact server at /api/test: 'NoneType' object has no attribute 'rfind'
[2025-05-04 10:13:15] [WARNING] [app] Failed to contact server at /api/test: 'NoneType' object has no attribute 'rfind'
[2025-05-04 10:13:15] [WARNING] [app] Failed to contact server at /api/test: 'NoneType' object has no attribute 'rfind'
[2025-05-04 10:13:18] [WARNING] [app] Failed to contact server at /api/test: 'NoneType' object has no attribute 'rfind'
[2025-05-04 10:13:18] [WARNING] [app] Failed to contact server at /api/test: 'NoneType' object has no attribute 'rfind'
[2025-05-04 10:13:20] [WARNING] [app] Failed to contact server at /api/test: 'NoneType' object has no attribute 'rfind'
[2025-05-04 10:13:20] [WARNING] [app] Failed to contact server at /api/test: 'NoneType' object has no attribute 'rfind'
[2025-05-04 10:13:23] [WARNING] [app] Failed to contact server at /api/test: 'NoneType' object has no attribute 'rfind'
[2025-05-04 10:13:23] [WARNING] [app] Failed to contact server at /api/test: 'NoneType' object has no attribute 'rfind'
[2025-05-04 10:13:25] [WARNING] [app] Failed to contact server at /api/test: 'NoneType' object has no attribute 'rfind'
[2025-05-04 10:13:25] [WARNING] [app] Failed to contact server at /api/test: 'NoneType' object has no attribute 'rfind'
[2025-05-04 10:13:28] [WARNING] [app] Failed to contact server at /api/test: 'NoneType' object has no attribute 'rfind'
[2025-05-04 10:13:28] [WARNING] [app] Failed to contact server at /api/test: 'NoneType' object has no attribute 'rfind'
[2025-05-04 10:13:30] [WARNING] [app] Failed to contact server at /api/test: 'NoneType' object has no attribute 'rfind'
[2025-05-04 10:13:30] [WARNING] [app] Failed to contact server at /api/test: 'NoneType' object has no attribute 'rfind'
[2025-05-04 10:13:33] [WARNING] [app] Failed to contact server at /api/test: 'NoneType' object has no attribute 'rfind'
[2025-05-04 10:13:33] [WARNING] [app] Failed to contact server at /api/test: 'NoneType' object has no attribute 'rfind'
[2025-05-04 10:13:35] [WARNING] [app] Failed to contact server at /api/test: 'NoneType' object has no attribute 'rfind'
[2025-05-04 10:13:35] [WARNING] [app] Failed to contact server at /api/test: 'NoneType' object has no attribute 'rfind'
[2025-05-04 10:13:38] [WARNING] [app] Failed to contact server at /api/test: 'NoneType' object has no attribute 'rfind'
[2025-05-04 10:13:38] [WARNING] [app] Failed to contact server at /api/test: 'NoneType' object has no attribute 'rfind'
[2025-05-04 10:13:40] [WARNING] [app] Failed to contact server at /api/test: 'NoneType' object has no attribute 'rfind'
[2025-05-04 10:13:40] [WARNING] [app] Failed to contact server at /api/test: 'NoneType' object has no attribute 'rfind'
[2025-05-04 10:13:43] [WARNING] [app] Failed to contact server at /api/test: 'NoneType' object has no attribute 'rfind'
[2025-05-04 10:13:43] [WARNING] [app] Failed to contact server at /api/test: 'NoneType' object has no attribute 'rfind'
[2025-05-04 10:13:45] [WARNING] [app] Failed to contact server at /api/test: 'NoneType' object has no attribute 'rfind'
[2025-05-04 10:13:45] [WARNING] [app] Failed to contact server at /api/test: 'NoneType' object has no attribute 'rfind'
[2025-05-04 10:13:50] [WARNING] [app] Failed to contact server at /api/test: 'NoneType' object has no attribute 'rfind'
[2025-05-04 10:13:50] [WARNING] [app] Failed to contact server at /api/test: 'NoneType' object has no attribute 'rfind'
[2025-05-04 10:13:50] [WARNING] [app] Server is not online, waiting...
[2025-05-04 10:13:50] [WARNING] [app] Server is not online, waiting...
[2025-05-04 10:13:53] [WARNING] [app] Failed to contact server at /api/test: 'NoneType' object has no attribute 'rfind'
[2025-05-04 10:13:53] [WARNING] [app] Failed to contact server at /api/test: 'NoneType' object has no attribute 'rfind'
[2025-05-04 10:13:53] [WARNING] [app] Server is not online, waiting...
[2025-05-04 10:13:53] [WARNING] [app] Server is not online, waiting...
[2025-05-04 10:13:55] [WARNING] [app] Failed to contact server at /api/test: 'NoneType' object has no attribute 'rfind'
[2025-05-04 10:13:55] [WARNING] [app] Failed to contact server at /api/test: 'NoneType' object has no attribute 'rfind'
[2025-05-04 10:13:55] [WARNING] [app] Server is not online, waiting...
[2025-05-04 10:13:55] [WARNING] [app] Server is not online, waiting...
[2025-05-04 10:13:58] [WARNING] [app] Failed to contact server at /api/test: 'NoneType' object has no attribute 'rfind'
[2025-05-04 10:13:58] [WARNING] [app] Failed to contact server at /api/test: 'NoneType' object has no attribute 'rfind'
[2025-05-04 10:13:58] [WARNING] [app] Server is not online, waiting...
[2025-05-04 10:13:58] [WARNING] [app] Server is not online, waiting...
[2025-05-04 10:14:00] [WARNING] [app] Failed to contact server at /api/test: 'NoneType' object has no attribute 'rfind'
[2025-05-04 10:14:00] [WARNING] [app] Failed to contact server at /api/test: 'NoneType' object has no attribute 'rfind'
[2025-05-04 10:14:00] [WARNING] [app] Server is not online, waiting...
[2025-05-04 10:14:00] [WARNING] [app] Server is not online, waiting...
[2025-05-04 10:14:03] [WARNING] [app] Failed to contact server at /api/test: 'NoneType' object has no attribute 'rfind'
[2025-05-04 10:14:03] [WARNING] [app] Failed to contact server at /api/test: 'NoneType' object has no attribute 'rfind'
[2025-05-04 10:14:03] [WARNING] [app] Server is not online, waiting...
[2025-05-04 10:14:03] [WARNING] [app] Server is not online, waiting...
[2025-05-04 10:14:05] [WARNING] [app] Failed to contact server at /api/test: 'NoneType' object has no attribute 'rfind'
[2025-05-04 10:14:05] [WARNING] [app] Failed to contact server at /api/test: 'NoneType' object has no attribute 'rfind'
[2025-05-04 10:14:05] [WARNING] [app] Server is not online, waiting...
[2025-05-04 10:14:05] [WARNING] [app] Server is not online, waiting...
[2025-05-04 10:14:08] [WARNING] [app] Failed to contact server at /api/test: 'NoneType' object has no attribute 'rfind'
[2025-05-04 10:14:08] [WARNING] [app] Failed to contact server at /api/test: 'NoneType' object has no attribute 'rfind'
[2025-05-04 10:14:08] [WARNING] [app] Server is not online, waiting...
[2025-05-04 10:14:08] [WARNING] [app] Server is not online, waiting...
[2025-05-04 10:14:10] [WARNING] [app] Failed to contact server at /api/test: 'NoneType' object has no attribute 'rfind'
[2025-05-04 10:14:10] [WARNING] [app] Failed to contact server at /api/test: 'NoneType' object has no attribute 'rfind'
[2025-05-04 10:14:10] [WARNING] [app] Server is not online, waiting...
[2025-05-04 10:14:10] [WARNING] [app] Server is not online, waiting...
[2025-05-04 10:14:13] [WARNING] [app] Failed to contact server at /api/test: 'NoneType' object has no attribute 'rfind'
[2025-05-04 10:14:13] [WARNING] [app] Failed to contact server at /api/test: 'NoneType' object has no attribute 'rfind'
[2025-05-04 10:14:13] [WARNING] [app] Server is not online, waiting...
[2025-05-04 10:14:13] [WARNING] [app] Server is not online, waiting...
[2025-05-04 10:14:15] [WARNING] [app] Failed to contact server at /api/test: 'NoneType' object has no attribute 'rfind'
[2025-05-04 10:14:15] [WARNING] [app] Failed to contact server at /api/test: 'NoneType' object has no attribute 'rfind'
[2025-05-04 10:14:15] [WARNING] [app] Server is not online, waiting...
[2025-05-04 10:14:15] [WARNING] [app] Server is not online, waiting...
[2025-05-04 10:14:18] [WARNING] [app] Failed to contact server at /api/test: 'NoneType' object has no attribute 'rfind'
[2025-05-04 10:14:18] [WARNING] [app] Failed to contact server at /api/test: 'NoneType' object has no attribute 'rfind'
[2025-05-04 10:14:18] [WARNING] [app] Server is not online, waiting...
[2025-05-04 10:14:18] [WARNING] [app] Server is not online, waiting...
[2025-05-04 10:14:20] [WARNING] [app] Failed to contact server at /api/test: 'NoneType' object has no attribute 'rfind'
[2025-05-04 10:14:20] [WARNING] [app] Failed to contact server at /api/test: 'NoneType' object has no attribute 'rfind'
[2025-05-04 10:14:20] [WARNING] [app] Server is not online, waiting...
[2025-05-04 10:14:20] [WARNING] [app] Server is not online, waiting...
[2025-05-04 10:14:23] [WARNING] [app] Failed to contact server at /api/test: 'NoneType' object has no attribute 'rfind'
[2025-05-04 10:14:23] [WARNING] [app] Failed to contact server at /api/test: 'NoneType' object has no attribute 'rfind'
[2025-05-04 10:14:23] [WARNING] [app] Server is not online, waiting...
[2025-05-04 10:14:23] [WARNING] [app] Server is not online, waiting...
[2025-05-04 10:14:25] [WARNING] [app] Failed to contact server at /api/test: 'NoneType' object has no attribute 'rfind'
[2025-05-04 10:14:25] [WARNING] [app] Failed to contact server at /api/test: 'NoneType' object has no attribute 'rfind'
[2025-05-04 10:14:25] [WARNING] [app] Server is not online, waiting...
[2025-05-04 10:14:25] [WARNING] [app] Server is not online, waiting...
[2025-05-04 10:14:28] [WARNING] [app] Failed to contact server at /api/test: 'NoneType' object has no attribute 'rfind'
[2025-05-04 10:14:28] [WARNING] [app] Failed to contact server at /api/test: 'NoneType' object has no attribute 'rfind'
[2025-05-04 10:14:28] [WARNING] [app] Server is not online, waiting...
[2025-05-04 10:14:28] [WARNING] [app] Server is not online, waiting...
[2025-05-04 10:14:30] [WARNING] [app] Failed to contact server at /api/test: 'NoneType' object has no attribute 'rfind'
[2025-05-04 10:14:30] [WARNING] [app] Failed to contact server at /api/test: 'NoneType' object has no attribute 'rfind'
[2025-05-04 10:14:30] [WARNING] [app] Server is not online, waiting...
[2025-05-04 10:14:30] [WARNING] [app] Server is not online, waiting...
[2025-05-04 10:14:33] [WARNING] [app] Failed to contact server at /api/test: 'NoneType' object has no attribute 'rfind'
[2025-05-04 10:14:33] [WARNING] [app] Failed to contact server at /api/test: 'NoneType' object has no attribute 'rfind'
[2025-05-04 10:14:33] [WARNING] [app] Server is not online, waiting...
[2025-05-04 10:14:33] [WARNING] [app] Server is not online, waiting...
[2025-05-04 10:14:35] [WARNING] [app] Failed to contact server at /api/test: 'NoneType' object has no attribute 'rfind'
[2025-05-04 10:14:35] [WARNING] [app] Failed to contact server at /api/test: 'NoneType' object has no attribute 'rfind'
[2025-05-04 10:14:35] [WARNING] [app] Server is not online, waiting...
[2025-05-04 10:14:35] [WARNING] [app] Server is not online, waiting...
[2025-05-04 10:14:38] [WARNING] [app] Failed to contact server at /api/test: 'NoneType' object has no attribute 'rfind'
[2025-05-04 10:14:38] [WARNING] [app] Failed to contact server at /api/test: 'NoneType' object has no attribute 'rfind'
[2025-05-04 10:14:38] [WARNING] [app] Server is not online, waiting...
[2025-05-04 10:14:38] [WARNING] [app] Server is not online, waiting...
[2025-05-04 10:14:40] [WARNING] [app] Failed to contact server at /api/test: 'NoneType' object has no attribute 'rfind'
[2025-05-04 10:14:40] [WARNING] [app] Failed to contact server at /api/test: 'NoneType' object has no attribute 'rfind'
[2025-05-04 10:14:40] [WARNING] [app] Server is not online, waiting...
[2025-05-04 10:14:40] [WARNING] [app] Server is not online, waiting...
[2025-05-04 10:14:43] [WARNING] [app] Failed to contact server at /api/test: 'NoneType' object has no attribute 'rfind'
[2025-05-04 10:14:43] [WARNING] [app] Failed to contact server at /api/test: 'NoneType' object has no attribute 'rfind'
[2025-05-04 10:14:43] [WARNING] [app] Server is not online, waiting...
[2025-05-04 10:14:43] [WARNING] [app] Server is not online, waiting...
[2025-05-04 10:14:45] [WARNING] [app] Failed to contact server at /api/test: 'NoneType' object has no attribute 'rfind'
[2025-05-04 10:14:45] [WARNING] [app] Failed to contact server at /api/test: 'NoneType' object has no attribute 'rfind'
[2025-05-04 10:14:45] [WARNING] [app] Server is not online, waiting...
[2025-05-04 10:14:45] [WARNING] [app] Server is not online, waiting...
[2025-05-04 10:14:48] [WARNING] [app] Failed to contact server at /api/test: 'NoneType' object has no attribute 'rfind'
[2025-05-04 10:14:48] [WARNING] [app] Failed to contact server at /api/test: 'NoneType' object has no attribute 'rfind'
[2025-05-04 10:14:48] [WARNING] [app] Server is not online, waiting...
[2025-05-04 10:14:48] [WARNING] [app] Server is not online, waiting...
[2025-05-04 10:14:50] [WARNING] [app] Failed to contact server at /api/test: 'NoneType' object has no attribute 'rfind'
[2025-05-04 10:14:50] [WARNING] [app] Failed to contact server at /api/test: 'NoneType' object has no attribute 'rfind'
[2025-05-04 10:14:50] [WARNING] [app] Server is not online, waiting...
[2025-05-04 10:14:50] [WARNING] [app] Server is not online, waiting...
[2025-05-04 10:14:53] [WARNING] [app] Failed to contact server at /api/test: 'NoneType' object has no attribute 'rfind'
[2025-05-04 10:14:53] [WARNING] [app] Failed to contact server at /api/test: 'NoneType' object has no attribute 'rfind'
[2025-05-04 10:14:53] [WARNING] [app] Server is not online, waiting...
[2025-05-04 10:14:53] [WARNING] [app] Server is not online, waiting...
[2025-05-04 10:14:55] [WARNING] [app] Failed to contact server at /api/test: 'NoneType' object has no attribute 'rfind'
[2025-05-04 10:14:55] [WARNING] [app] Failed to contact server at /api/test: 'NoneType' object has no attribute 'rfind'
[2025-05-04 10:14:55] [WARNING] [app] Server is not online, waiting...
[2025-05-04 10:14:55] [WARNING] [app] Server is not online, waiting...
[2025-05-04 10:14:58] [WARNING] [app] Failed to contact server at /api/test: 'NoneType' object has no attribute 'rfind'
[2025-05-04 10:14:58] [WARNING] [app] Failed to contact server at /api/test: 'NoneType' object has no attribute 'rfind'
[2025-05-04 10:14:58] [WARNING] [app] Server is not online, waiting...
[2025-05-04 10:14:58] [WARNING] [app] Server is not online, waiting...
[2025-05-04 10:15:00] [WARNING] [app] Failed to contact server at /api/test: 'NoneType' object has no attribute 'rfind'
[2025-05-04 10:15:00] [WARNING] [app] Failed to contact server at /api/test: 'NoneType' object has no attribute 'rfind'
[2025-05-04 10:15:00] [WARNING] [app] Server is not online, waiting...
[2025-05-04 10:15:00] [WARNING] [app] Server is not online, waiting...
[2025-05-04 10:15:03] [WARNING] [app] Failed to contact server at /api/test: 'NoneType' object has no attribute 'rfind'
[2025-05-04 10:15:03] [WARNING] [app] Failed to contact server at /api/test: 'NoneType' object has no attribute 'rfind'
[2025-05-04 10:15:03] [WARNING] [app] Server is not online, waiting...
[2025-05-04 10:15:03] [WARNING] [app] Server is not online, waiting...
[2025-05-04 10:15:05] [WARNING] [app] Failed to contact server at /api/test: 'NoneType' object has no attribute 'rfind'
[2025-05-04 10:15:05] [WARNING] [app] Failed to contact server at /api/test: 'NoneType' object has no attribute 'rfind'
[2025-05-04 10:15:05] [WARNING] [app] Server is not online, waiting...
[2025-05-04 10:15:05] [WARNING] [app] Server is not online, waiting...
[2025-05-04 10:15:08] [WARNING] [app] Failed to contact server at /api/test: 'NoneType' object has no attribute 'rfind'
[2025-05-04 10:15:08] [WARNING] [app] Failed to contact server at /api/test: 'NoneType' object has no attribute 'rfind'
[2025-05-04 10:15:08] [WARNING] [app] Server is not online, waiting...
[2025-05-04 10:15:08] [WARNING] [app] Server is not online, waiting...
[2025-05-04 10:15:10] [WARNING] [app] Failed to contact server at /api/test: 'NoneType' object has no attribute 'rfind'
[2025-05-04 10:15:10] [WARNING] [app] Failed to contact server at /api/test: 'NoneType' object has no attribute 'rfind'
[2025-05-04 10:15:10] [WARNING] [app] Server is not online, waiting...
[2025-05-04 10:15:10] [WARNING] [app] Server is not online, waiting...
[2025-05-04 10:15:13] [WARNING] [app] Failed to contact server at /api/test: 'NoneType' object has no attribute 'rfind'
[2025-05-04 10:15:13] [WARNING] [app] Failed to contact server at /api/test: 'NoneType' object has no attribute 'rfind'
[2025-05-04 10:15:13] [WARNING] [app] Server is not online, waiting...
[2025-05-04 10:15:13] [WARNING] [app] Server is not online, waiting...
[2025-05-04 10:15:15] [WARNING] [app] Failed to contact server at /api/test: 'NoneType' object has no attribute 'rfind'
[2025-05-04 10:15:15] [WARNING] [app] Failed to contact server at /api/test: 'NoneType' object has no attribute 'rfind'
[2025-05-04 10:15:15] [WARNING] [app] Server is not online, waiting...
[2025-05-04 10:15:15] [WARNING] [app] Server is not online, waiting...
[2025-05-04 10:15:18] [WARNING] [app] Failed to contact server at /api/test: 'NoneType' object has no attribute 'rfind'
[2025-05-04 10:15:18] [WARNING] [app] Failed to contact server at /api/test: 'NoneType' object has no attribute 'rfind'
[2025-05-04 10:15:18] [WARNING] [app] Server is not online, waiting...
[2025-05-04 10:15:18] [WARNING] [app] Server is not online, waiting...
[2025-05-04 10:15:20] [WARNING] [app] Failed to contact server at /api/test: 'NoneType' object has no attribute 'rfind'
[2025-05-04 10:15:20] [WARNING] [app] Failed to contact server at /api/test: 'NoneType' object has no attribute 'rfind'
[2025-05-04 10:15:20] [WARNING] [app] Server is not online, waiting...
[2025-05-04 10:15:20] [WARNING] [app] Server is not online, waiting...
[2025-05-04 10:15:23] [WARNING] [app] Failed to contact server at /api/test: 'NoneType' object has no attribute 'rfind'
[2025-05-04 10:15:23] [WARNING] [app] Failed to contact server at /api/test: 'NoneType' object has no attribute 'rfind'
[2025-05-04 10:15:23] [WARNING] [app] Server is not online, waiting...
[2025-05-04 10:15:23] [WARNING] [app] Server is not online, waiting...
[2025-05-04 10:15:25] [WARNING] [app] Failed to contact server at /api/test: 'NoneType' object has no attribute 'rfind'
[2025-05-04 10:15:25] [WARNING] [app] Failed to contact server at /api/test: 'NoneType' object has no attribute 'rfind'
[2025-05-04 10:15:25] [WARNING] [app] Server is not online, waiting...
[2025-05-04 10:15:25] [WARNING] [app] Server is not online, waiting...
[2025-05-04 10:15:28] [WARNING] [app] Failed to contact server at /api/test: 'NoneType' object has no attribute 'rfind'
[2025-05-04 10:15:28] [WARNING] [app] Failed to contact server at /api/test: 'NoneType' object has no attribute 'rfind'
[2025-05-04 10:15:28] [WARNING] [app] Server is not online, waiting...
[2025-05-04 10:15:28] [WARNING] [app] Server is not online, waiting...
[2025-05-04 10:15:30] [WARNING] [app] Failed to contact server at /api/test: 'NoneType' object has no attribute 'rfind'
[2025-05-04 10:15:30] [WARNING] [app] Failed to contact server at /api/test: 'NoneType' object has no attribute 'rfind'
[2025-05-04 10:15:30] [WARNING] [app] Server is not online, waiting...
[2025-05-04 10:15:30] [WARNING] [app] Server is not online, waiting...
[2025-05-04 10:15:33] [WARNING] [app] Failed to contact server at /api/test: 'NoneType' object has no attribute 'rfind'
[2025-05-04 10:15:33] [WARNING] [app] Failed to contact server at /api/test: 'NoneType' object has no attribute 'rfind'
[2025-05-04 10:15:33] [WARNING] [app] Server is not online, waiting...
[2025-05-04 10:15:33] [WARNING] [app] Server is not online, waiting...
[2025-05-04 10:15:35] [WARNING] [app] Failed to contact server at /api/test: 'NoneType' object has no attribute 'rfind'
[2025-05-04 10:15:35] [WARNING] [app] Failed to contact server at /api/test: 'NoneType' object has no attribute 'rfind'
[2025-05-04 10:15:35] [WARNING] [app] Server is not online, waiting...
[2025-05-04 10:15:35] [WARNING] [app] Server is not online, waiting...
[2025-05-04 10:15:38] [WARNING] [app] Failed to contact server at /api/test: 'NoneType' object has no attribute 'rfind'
[2025-05-04 10:15:38] [WARNING] [app] Failed to contact server at /api/test: 'NoneType' object has no attribute 'rfind'
[2025-05-04 10:15:38] [WARNING] [app] Server is not online, waiting...
[2025-05-04 10:15:38] [WARNING] [app] Server is not online, waiting...
[2025-05-04 10:15:40] [WARNING] [app] Failed to contact server at /api/test: 'NoneType' object has no attribute 'rfind'
[2025-05-04 10:15:40] [WARNING] [app] Failed to contact server at /api/test: 'NoneType' object has no attribute 'rfind'
[2025-05-04 10:15:40] [WARNING] [app] Server is not online, waiting...
[2025-05-04 10:15:40] [WARNING] [app] Server is not online, waiting...
[2025-05-04 10:15:43] [WARNING] [app] Failed to contact server at /api/test: 'NoneType' object has no attribute 'rfind'
[2025-05-04 10:15:43] [WARNING] [app] Failed to contact server at /api/test: 'NoneType' object has no attribute 'rfind'
[2025-05-04 10:15:43] [WARNING] [app] Server is not online, waiting...
[2025-05-04 10:15:43] [WARNING] [app] Server is not online, waiting...
[2025-05-04 10:15:45] [WARNING] [app] Failed to contact server at /api/test: 'NoneType' object has no attribute 'rfind'
[2025-05-04 10:15:45] [WARNING] [app] Failed to contact server at /api/test: 'NoneType' object has no attribute 'rfind'
[2025-05-04 10:15:45] [WARNING] [app] Server is not online, waiting...
[2025-05-04 10:15:45] [WARNING] [app] Server is not online, waiting...
[2025-05-04 10:15:48] [WARNING] [app] Failed to contact server at /api/test: 'NoneType' object has no attribute 'rfind'
[2025-05-04 10:15:48] [WARNING] [app] Failed to contact server at /api/test: 'NoneType' object has no attribute 'rfind'
[2025-05-04 10:15:48] [WARNING] [app] Server is not online, waiting...
[2025-05-04 10:15:48] [WARNING] [app] Server is not online, waiting...
[2025-05-04 10:15:50] [WARNING] [app] Failed to contact server at /api/test: 'NoneType' object has no attribute 'rfind'
[2025-05-04 10:15:50] [WARNING] [app] Failed to contact server at /api/test: 'NoneType' object has no attribute 'rfind'
[2025-05-04 10:15:50] [WARNING] [app] Server is not online, waiting...
[2025-05-04 10:15:50] [WARNING] [app] Server is not online, waiting...
[2025-05-04 10:15:53] [WARNING] [app] Failed to contact server at /api/test: 'NoneType' object has no attribute 'rfind'
[2025-05-04 10:15:53] [WARNING] [app] Failed to contact server at /api/test: 'NoneType' object has no attribute 'rfind'
[2025-05-04 10:15:53] [WARNING] [app] Server is not online, waiting...
[2025-05-04 10:15:53] [WARNING] [app] Server is not online, waiting...
[2025-05-04 10:15:55] [WARNING] [app] Failed to contact server at /api/test: 'NoneType' object has no attribute 'rfind'
[2025-05-04 10:15:55] [WARNING] [app] Failed to contact server at /api/test: 'NoneType' object has no attribute 'rfind'
[2025-05-04 10:15:55] [WARNING] [app] Server is not online, waiting...
[2025-05-04 10:15:55] [WARNING] [app] Server is not online, waiting...
[2025-05-04 10:15:58] [WARNING] [app] Failed to contact server at /api/test: 'NoneType' object has no attribute 'rfind'
[2025-05-04 10:15:58] [WARNING] [app] Failed to contact server at /api/test: 'NoneType' object has no attribute 'rfind'
[2025-05-04 10:15:58] [WARNING] [app] Server is not online, waiting...
[2025-05-04 10:15:58] [WARNING] [app] Server is not online, waiting...
[2025-05-04 10:16:00] [WARNING] [app] Failed to contact server at /api/test: 'NoneType' object has no attribute 'rfind'
[2025-05-04 10:16:00] [WARNING] [app] Failed to contact server at /api/test: 'NoneType' object has no attribute 'rfind'
[2025-05-04 10:16:00] [WARNING] [app] Server is not online, waiting...
[2025-05-04 10:16:00] [WARNING] [app] Server is not online, waiting...
[2025-05-04 10:16:03] [WARNING] [app] Failed to contact server at /api/test: 'NoneType' object has no attribute 'rfind'
[2025-05-04 10:16:03] [WARNING] [app] Failed to contact server at /api/test: 'NoneType' object has no attribute 'rfind'
[2025-05-04 10:16:03] [WARNING] [app] Server is not online, waiting...
[2025-05-04 10:16:03] [WARNING] [app] Server is not online, waiting...
[2025-05-04 10:16:07] [WARNING] [app] Failed to contact server at /api/test: Invalid HOST_DEVELOPMENT URL: 0.0.0.0
[2025-05-04 10:16:07] [WARNING] [app] Failed to contact server at /api/test: Invalid HOST_DEVELOPMENT URL: 0.0.0.0
[2025-05-04 10:16:07] [WARNING] [app] Server is not online, waiting...
[2025-05-04 10:16:07] [WARNING] [app] Server is not online, waiting...
[2025-05-04 10:16:11] [WARNING] [app] Failed to contact server at /api/test: Invalid HOST_DEVELOPMENT URL: 0.0.0.0
[2025-05-04 10:16:11] [WARNING] [app] Failed to contact server at /api/test: Invalid HOST_DEVELOPMENT URL: 0.0.0.0
[2025-05-04 10:16:11] [WARNING] [app] Server is not online, waiting...
[2025-05-04 10:16:11] [WARNING] [app] Server is not online, waiting...
[2025-05-04 10:16:12] [WARNING] [app] Failed to contact server at /api/test: Invalid HOST_DEVELOPMENT URL: 0.0.0.0
[2025-05-04 10:16:12] [WARNING] [app] Failed to contact server at /api/test: Invalid HOST_DEVELOPMENT URL: 0.0.0.0
[2025-05-04 10:16:12] [WARNING] [app] Server is not online, waiting...
[2025-05-04 10:16:12] [WARNING] [app] Server is not online, waiting...
[2025-05-04 10:16:16] [WARNING] [app] Failed to contact server at /api/test: Invalid HOST_DEVELOPMENT URL: 0.0.0.0
[2025-05-04 10:16:16] [WARNING] [app] Failed to contact server at /api/test: Invalid HOST_DEVELOPMENT URL: 0.0.0.0
[2025-05-04 10:16:16] [WARNING] [app] Server is not online, waiting...
[2025-05-04 10:16:16] [WARNING] [app] Server is not online, waiting...
[2025-05-04 10:16:18] [WARNING] [app] Failed to contact server at /api/test: Invalid HOST_DEVELOPMENT URL: 0.0.0.0
[2025-05-04 10:16:18] [WARNING] [app] Failed to contact server at /api/test: Invalid HOST_DEVELOPMENT URL: 0.0.0.0
[2025-05-04 10:16:18] [WARNING] [app] Server is not online, waiting...
[2025-05-04 10:16:18] [WARNING] [app] Server is not online, waiting...
[2025-05-04 10:16:21] [WARNING] [app] Failed to contact server at /api/test: Invalid HOST_DEVELOPMENT URL: 0.0.0.0
[2025-05-04 10:16:21] [WARNING] [app] Failed to contact server at /api/test: Invalid HOST_DEVELOPMENT URL: 0.0.0.0
[2025-05-04 10:16:21] [WARNING] [app] Server is not online, waiting...
[2025-05-04 10:16:21] [WARNING] [app] Server is not online, waiting...
[2025-05-04 10:16:23] [WARNING] [app] Failed to contact server at /api/test: Invalid HOST_DEVELOPMENT URL: 0.0.0.0
[2025-05-04 10:16:23] [WARNING] [app] Failed to contact server at /api/test: Invalid HOST_DEVELOPMENT URL: 0.0.0.0
[2025-05-04 10:16:23] [WARNING] [app] Server is not online, waiting...
[2025-05-04 10:16:23] [WARNING] [app] Server is not online, waiting...
[2025-05-04 10:16:26] [WARNING] [app] Failed to contact server at /api/test: Invalid HOST_DEVELOPMENT URL: 0.0.0.0
[2025-05-04 10:16:26] [WARNING] [app] Failed to contact server at /api/test: Invalid HOST_DEVELOPMENT URL: 0.0.0.0
[2025-05-04 10:16:26] [WARNING] [app] Server is not online, waiting...
[2025-05-04 10:16:26] [WARNING] [app] Server is not online, waiting...
[2025-05-04 10:16:28] [WARNING] [app] Failed to contact server at /api/test: Invalid HOST_DEVELOPMENT URL: 0.0.0.0
[2025-05-04 10:16:28] [WARNING] [app] Failed to contact server at /api/test: Invalid HOST_DEVELOPMENT URL: 0.0.0.0
[2025-05-04 10:16:28] [WARNING] [app] Server is not online, waiting...
[2025-05-04 10:16:28] [WARNING] [app] Server is not online, waiting...
[2025-05-04 10:16:32] [WARNING] [app] Failed to contact server at /api/test: 'NoneType' object has no attribute 'rfind'
[2025-05-04 10:16:32] [WARNING] [app] Failed to contact server at /api/test: 'NoneType' object has no attribute 'rfind'
[2025-05-04 10:16:33] [WARNING] [app] Failed to contact server at /api/test: Invalid HOST_DEVELOPMENT URL: 0.0.0.0
[2025-05-04 10:16:33] [WARNING] [app] Failed to contact server at /api/test: Invalid HOST_DEVELOPMENT URL: 0.0.0.0
[2025-05-04 10:16:33] [WARNING] [app] Server is not online, waiting...
[2025-05-04 10:16:33] [WARNING] [app] Server is not online, waiting...
[2025-05-04 10:16:38] [WARNING] [app] Failed to contact server at /api/test: Invalid HOST_DEVELOPMENT URL: 0.0.0.0
[2025-05-04 10:16:38] [WARNING] [app] Failed to contact server at /api/test: Invalid HOST_DEVELOPMENT URL: 0.0.0.0
[2025-05-04 10:16:38] [WARNING] [app] Server is not online, waiting...
[2025-05-04 10:16:38] [WARNING] [app] Server is not online, waiting...
[2025-05-04 10:16:38] [WARNING] [app] Failed to contact server at /api/test: 'NoneType' object has no attribute 'rfind'
[2025-05-04 10:16:38] [WARNING] [app] Failed to contact server at /api/test: 'NoneType' object has no attribute 'rfind'
[2025-05-04 10:16:43] [WARNING] [app] Failed to contact server at /api/test: Invalid HOST_DEVELOPMENT URL: 0.0.0.0
[2025-05-04 10:16:43] [WARNING] [app] Failed to contact server at /api/test: Invalid HOST_DEVELOPMENT URL: 0.0.0.0
[2025-05-04 10:16:43] [WARNING] [app] Server is not online, waiting...
[2025-05-04 10:16:43] [WARNING] [app] Server is not online, waiting...
[2025-05-04 10:16:43] [WARNING] [app] Failed to contact server at /api/test: 'NoneType' object has no attribute 'rfind'
[2025-05-04 10:16:43] [WARNING] [app] Failed to contact server at /api/test: 'NoneType' object has no attribute 'rfind'
[2025-05-04 10:16:48] [WARNING] [app] Failed to contact server at /api/test: Invalid HOST_DEVELOPMENT URL: 0.0.0.0
[2025-05-04 10:16:48] [WARNING] [app] Failed to contact server at /api/test: Invalid HOST_DEVELOPMENT URL: 0.0.0.0
[2025-05-04 10:16:48] [WARNING] [app] Server is not online, waiting...
[2025-05-04 10:16:48] [WARNING] [app] Server is not online, waiting...
[2025-05-04 10:16:52] [WARNING] [app] Failed to contact server at /api/test: [WinError 10061] No connection could be made because the target machine actively refused it
[2025-05-04 10:16:52] [WARNING] [app] Failed to contact server at /api/test: [WinError 10061] No connection could be made because the target machine actively refused it
[2025-05-04 10:16:53] [WARNING] [app] Failed to contact server at /api/test: Invalid HOST_DEVELOPMENT URL: 0.0.0.0
[2025-05-04 10:16:53] [WARNING] [app] Failed to contact server at /api/test: Invalid HOST_DEVELOPMENT URL: 0.0.0.0
[2025-05-04 10:16:53] [WARNING] [app] Server is not online, waiting...
[2025-05-04 10:16:53] [WARNING] [app] Server is not online, waiting...
[2025-05-04 10:17:07] [DEBUG] [app] Ping!
[2025-05-04 10:17:07] [DEBUG] [app] Ping!
[2025-05-04 10:17:07] [DEBUG] [app] Ping!
[2025-05-04 10:17:07] [DEBUG] [app] Ping!
[2025-05-04 10:17:07] [DEBUG] [app] Ping!
[2025-05-04 10:17:07] [DEBUG] [app] Ping!
[2025-05-04 10:17:07] [DEBUG] [app] Ping!
[2025-05-04 10:17:07] [DEBUG] [app] Ping!
[2025-05-04 10:20:19] [DEBUG] [app] Ping!
[2025-05-04 10:20:19] [DEBUG] [app] Ping!
[2025-05-04 10:20:19] [DEBUG] [app] Ping!
[2025-05-04 10:20:19] [DEBUG] [app] Ping!
[2025-05-04 10:20:19] [DEBUG] [app] Ping!
[2025-05-04 10:20:19] [DEBUG] [app] Ping!
[2025-05-04 10:20:19] [DEBUG] [app] Ping!
[2025-05-04 10:20:19] [DEBUG] [app] Ping!
[2025-05-04 10:25:35] [DEBUG] [app] Ping!
[2025-05-04 10:25:35] [DEBUG] [app] Ping!
[2025-05-04 10:25:35] [INFO] [app] 🔄 Service check amonia Berjalan...
[2025-05-04 10:25:35] [INFO] [app] 🔄 Service check amonia Berjalan...
[2025-05-04 10:27:26] [DEBUG] [app] Ping!
[2025-05-04 10:27:26] [INFO] [app] 🔄 Service check amonia Berjalan...
[2025-05-04 10:27:38] [DEBUG] [app] Ping!
[2025-05-04 10:27:38] [INFO] [app] 🔄 Service check amonia Berjalan...
[2025-05-04 10:27:59] [DEBUG] [app] Ping!
[2025-05-04 10:27:59] [INFO] [app] 🔄 Service check amonia Berjalan...
[2025-05-04 10:28:15] [DEBUG] [app] Ping!
[2025-05-04 10:28:15] [DEBUG] [app] Ping!
[2025-05-04 10:28:15] [INFO] [app] 🔄 Service check amonia Berjalan...
[2025-05-04 10:28:15] [INFO] [app] 🔄 Service check amonia Berjalan...
[2025-05-04 10:30:26] [DEBUG] [app] Ping!
[2025-05-04 10:30:26] [DEBUG] [app] Ping!
[2025-05-04 10:30:26] [INFO] [app] 🔄 Service check amonia Berjalan...
[2025-05-04 10:30:26] [INFO] [app] 🔄 Service check amonia Berjalan...
[2025-05-04 10:30:37] [WARNING] [app] Main server is not running, waiting...
[2025-05-04 10:30:42] [WARNING] [app] Main server is not running, waiting...
[2025-05-04 10:30:47] [WARNING] [app] Main server is not running, waiting...
[2025-05-04 10:30:54] [WARNING] [app] Main server is not running, waiting...
[2025-05-04 10:30:56] [WARNING] [app] Main server is not running, waiting...
[2025-05-04 10:30:59] [WARNING] [app] Main server is not running, waiting...
[2025-05-04 10:31:01] [WARNING] [app] Main server is not running, waiting...
[2025-05-04 11:10:33] [INFO] [app] 🔄 Service check amonia Berjalan...
[2025-05-04 11:13:09] [INFO] [app] 🔄 Service check amonia Berjalan...
[2025-05-04 11:13:11] [INFO] [app] 🔄 Service check amonia Berjalan...
[2025-05-04 11:13:41] [INFO] [app] 🔄 Service check amonia Berjalan...
[2025-05-04 11:13:47] [INFO] [app] 🔄 Service check amonia Berjalan...
[2025-05-04 11:13:49] [INFO] [app] 🔄 Service check amonia Berjalan...
[2025-05-04 11:14:00] [INFO] [app] 🔄 Service check amonia Berjalan...
[2025-05-04 11:17:46] [ERROR] [app] Error in check_amonia_worker: 'NoneType' object has no attribute 'app'
[2025-05-04 11:17:49] [ERROR] [app] Error in check_amonia_worker: 'NoneType' object has no attribute 'app'
[2025-05-04 11:17:51] [ERROR] [app] Error in check_amonia_worker: 'NoneType' object has no attribute 'app'
[2025-05-04 11:17:54] [ERROR] [app] Error in check_amonia_worker: 'NoneType' object has no attribute 'app'
[2025-05-04 11:17:56] [ERROR] [app] Error in check_amonia_worker: 'NoneType' object has no attribute 'app'
[2025-05-04 11:17:59] [ERROR] [app] Error in check_amonia_worker: 'NoneType' object has no attribute 'app'
[2025-05-04 11:18:01] [ERROR] [app] Error in check_amonia_worker: 'NoneType' object has no attribute 'app'
[2025-05-04 11:18:04] [ERROR] [app] Error in check_amonia_worker: 'NoneType' object has no attribute 'app'
[2025-05-04 11:18:07] [ERROR] [app] Error in check_amonia_worker: 'NoneType' object has no attribute 'app'
[2025-05-04 11:18:09] [ERROR] [app] Error in check_amonia_worker: 'NoneType' object has no attribute 'app'
[2025-05-04 11:18:12] [ERROR] [app] Error in check_amonia_worker: 'NoneType' object has no attribute 'app'
[2025-05-04 11:18:14] [ERROR] [app] Error in check_amonia_worker: 'NoneType' object has no attribute 'app'
[2025-05-04 11:18:17] [ERROR] [app] Error in check_amonia_worker: 'NoneType' object has no attribute 'app'
[2025-05-04 11:18:19] [ERROR] [app] Error in check_amonia_worker: 'NoneType' object has no attribute 'app'
[2025-05-04 11:18:22] [ERROR] [app] Error in check_amonia_worker: 'NoneType' object has no attribute 'app'
[2025-05-04 11:18:24] [ERROR] [app] Error in check_amonia_worker: 'NoneType' object has no attribute 'app'
[2025-05-04 11:18:27] [ERROR] [app] Error in check_amonia_worker: 'NoneType' object has no attribute 'app'
[2025-05-04 11:18:29] [ERROR] [app] Error in check_amonia_worker: 'NoneType' object has no attribute 'app'
[2025-05-04 11:18:32] [ERROR] [app] Error in check_amonia_worker: 'NoneType' object has no attribute 'app'
[2025-05-04 11:18:34] [ERROR] [app] Error in check_amonia_worker: 'NoneType' object has no attribute 'app'
[2025-05-04 11:18:37] [ERROR] [app] Error in check_amonia_worker: 'NoneType' object has no attribute 'app'
[2025-05-04 11:19:07] [ERROR] [app] Error in check_amonia_worker: 'str' object has no attribute 'app'
[2025-05-04 11:19:09] [ERROR] [app] Error in check_amonia_worker: 'str' object has no attribute 'app'
[2025-05-04 11:19:25] [ERROR] [app] Error in check_amonia_worker: 'str' object has no attribute 'app'
[2025-05-04 11:19:32] [ERROR] [app] Error in check_amonia_worker: 'str' object has no attribute 'app'
[2025-05-04 11:19:34] [ERROR] [app] Error in check_amonia_worker: 'str' object has no attribute 'app'
[2025-05-04 11:20:08] [ERROR] [app] Error in check_amonia_worker: 'str' object has no attribute 'app'
[2025-05-04 11:20:18] [ERROR] [app] Error in check_amonia_worker: 'str' object has no attribute 'app'
[2025-05-04 11:20:20] [ERROR] [app] Error in check_amonia_worker: 'str' object has no attribute 'app'
[2025-05-04 11:21:01] [ERROR] [app] Error in check_amonia_worker: 'str' object has no attribute 'app'
[2025-05-04 11:21:04] [ERROR] [app] Error in check_amonia_worker: 'str' object has no attribute 'app'
[2025-05-04 11:22:59] [ERROR] [app] Error in check_amonia_worker: 'str' object has no attribute 'app'
[2025-05-04 11:23:09] [ERROR] [app] Error in check_amonia_worker: 'str' object has no attribute 'app'
[2025-05-04 11:23:22] [ERROR] [app] Error in check_amonia_worker: 'str' object has no attribute 'app'
[2025-05-05 16:25:19] [INFO] [app] 🔄 Service check amonia Berjalan...
[2025-05-05 16:29:29] [INFO] [app] 🔄 Service check amonia Berjalan...
[2025-05-05 16:29:31] [INFO] [app] 🔄 Service check amonia Berjalan...
[2025-05-05 16:32:06] [INFO] [app] 🔄 Service check amonia Berjalan...
[2025-05-05 16:32:08] [INFO] [app] 🔄 Service check amonia Berjalan...
[2025-05-05 16:32:17] [INFO] [app] 🔄 Service check amonia Berjalan...
[2025-05-05 16:39:39] [INFO] [app] 🔄 Service check amonia Berjalan...
[2025-05-05 16:39:42] [INFO] [app] 🔄 Service check amonia Berjalan...
[2025-05-05 16:40:28] [INFO] [app] 🔄 Service check amonia Berjalan...
[2025-05-05 16:40:52] [INFO] [app] 🔄 Service check amonia Berjalan...
[2025-05-05 16:40:54] [INFO] [app] 🔄 Service check amonia Berjalan...
[2025-05-05 16:40:57] [INFO] [app] 🔄 Service check amonia Berjalan...
[2025-05-05 16:40:59] [INFO] [app] 🔄 Service check amonia Berjalan...
[2025-05-05 16:41:02] [INFO] [app] 🔄 Service check amonia Berjalan...
[2025-05-05 16:41:04] [INFO] [app] 🔄 Service check amonia Berjalan...
[2025-05-05 16:41:07] [INFO] [app] 🔄 Service check amonia Berjalan...
[2025-05-05 16:41:09] [INFO] [app] 🔄 Service check amonia Berjalan...
[2025-05-05 16:41:12] [INFO] [app] 🔄 Service check amonia Berjalan...
[2025-05-05 16:41:14] [INFO] [app] 🔄 Service check amonia Berjalan...
[2025-05-05 16:41:17] [INFO] [app] 🔄 Service check amonia Berjalan...
[2025-05-05 16:41:19] [INFO] [app] 🔄 Service check amonia Berjalan...
[2025-05-05 16:41:22] [INFO] [app] 🔄 Service check amonia Berjalan...
[2025-05-05 16:41:24] [INFO] [app] 🔄 Service check amonia Berjalan...
[2025-05-05 16:41:27] [INFO] [app] 🔄 Service check amonia Berjalan...
[2025-05-05 16:41:29] [INFO] [app] 🔄 Service check amonia Berjalan...
[2025-05-05 16:41:32] [INFO] [app] 🔄 Service check amonia Berjalan...
[2025-05-05 16:41:34] [INFO] [app] 🔄 Service check amonia Berjalan...
[2025-05-05 16:41:37] [INFO] [app] 🔄 Service check amonia Berjalan...
[2025-05-05 16:41:39] [INFO] [app] 🔄 Service check amonia Berjalan...
[2025-05-05 16:41:42] [INFO] [app] 🔄 Service check amonia Berjalan...
[2025-05-05 16:41:44] [INFO] [app] 🔄 Service check amonia Berjalan...
[2025-05-05 16:41:47] [INFO] [app] 🔄 Service check amonia Berjalan...
[2025-05-05 16:41:49] [INFO] [app] 🔄 Service check amonia Berjalan...
[2025-05-05 16:41:52] [INFO] [app] 🔄 Service check amonia Berjalan...
[2025-05-05 16:41:54] [INFO] [app] 🔄 Service check amonia Berjalan...
[2025-05-05 16:41:57] [INFO] [app] 🔄 Service check amonia Berjalan...
[2025-05-05 16:41:59] [INFO] [app] 🔄 Service check amonia Berjalan...
[2025-05-05 16:42:02] [INFO] [app] 🔄 Service check amonia Berjalan...
[2025-05-05 16:42:04] [INFO] [app] 🔄 Service check amonia Berjalan...
[2025-05-05 16:42:07] [INFO] [app] 🔄 Service check amonia Berjalan...
[2025-05-05 16:42:09] [INFO] [app] 🔄 Service check amonia Berjalan...
[2025-05-05 16:42:12] [INFO] [app] 🔄 Service check amonia Berjalan...
[2025-05-05 16:42:14] [INFO] [app] 🔄 Service check amonia Berjalan...
[2025-05-05 16:42:17] [INFO] [app] 🔄 Service check amonia Berjalan...
[2025-05-05 16:42:19] [INFO] [app] 🔄 Service check amonia Berjalan...
[2025-05-05 16:42:22] [INFO] [app] 🔄 Service check amonia Berjalan...
[2025-05-05 16:42:24] [INFO] [app] 🔄 Service check amonia Berjalan...
[2025-05-05 16:42:27] [INFO] [app] 🔄 Service check amonia Berjalan...
[2025-05-05 16:42:29] [INFO] [app] 🔄 Service check amonia Berjalan...
[2025-05-05 16:42:32] [INFO] [app] 🔄 Service check amonia Berjalan...
[2025-05-05 16:42:34] [INFO] [app] 🔄 Service check amonia Berjalan...
[2025-05-05 16:42:37] [INFO] [app] 🔄 Service check amonia Berjalan...
[2025-05-05 16:42:39] [INFO] [app] 🔄 Service check amonia Berjalan...
[2025-05-05 16:42:42] [INFO] [app] 🔄 Service check amonia Berjalan...
[2025-05-05 16:42:44] [INFO] [app] 🔄 Service check amonia Berjalan...
[2025-05-05 16:42:47] [INFO] [app] 🔄 Service check amonia Berjalan...
[2025-05-05 16:42:49] [INFO] [app] 🔄 Service check amonia Berjalan...
[2025-05-05 16:42:52] [INFO] [app] 🔄 Service check amonia Berjalan...
[2025-05-05 16:42:54] [INFO] [app] 🔄 Service check amonia Berjalan...
[2025-05-05 16:42:57] [INFO] [app] 🔄 Service check amonia Berjalan...
[2025-05-05 16:42:59] [INFO] [app] 🔄 Service check amonia Berjalan...
[2025-05-05 16:43:02] [INFO] [app] 🔄 Service check amonia Berjalan...
[2025-05-05 16:43:04] [INFO] [app] 🔄 Service check amonia Berjalan...
[2025-05-05 16:43:07] [INFO] [app] 🔄 Service check amonia Berjalan...
[2025-05-05 16:43:09] [INFO] [app] 🔄 Service check amonia Berjalan...
[2025-05-05 16:43:12] [INFO] [app] 🔄 Service check amonia Berjalan...
[2025-05-05 16:43:14] [INFO] [app] 🔄 Service check amonia Berjalan...
[2025-05-05 16:43:17] [INFO] [app] 🔄 Service check amonia Berjalan...
[2025-05-05 16:43:19] [INFO] [app] 🔄 Service check amonia Berjalan...
[2025-05-05 16:43:22] [INFO] [app] 🔄 Service check amonia Berjalan...
[2025-05-05 16:43:24] [INFO] [app] 🔄 Service check amonia Berjalan...
[2025-05-05 16:43:27] [INFO] [app] 🔄 Service check amonia Berjalan...
[2025-05-05 16:43:29] [INFO] [app] 🔄 Service check amonia Berjalan...
[2025-05-05 16:43:32] [INFO] [app] 🔄 Service check amonia Berjalan...
[2025-05-05 16:43:34] [INFO] [app] 🔄 Service check amonia Berjalan...
[2025-05-05 16:43:37] [INFO] [app] 🔄 Service check amonia Berjalan...
[2025-05-05 16:43:37] [INFO] [app] 🔄 Service check amonia Berjalan...
[2025-05-05 16:43:42] [INFO] [app] 🔄 Service check amonia Berjalan...
[2025-05-05 16:43:42] [INFO] [app] 🔄 Service check amonia Berjalan...
[2025-05-05 16:43:47] [INFO] [app] 🔄 Service check amonia Berjalan...
[2025-05-05 16:43:47] [INFO] [app] 🔄 Service check amonia Berjalan...
[2025-05-05 16:43:52] [INFO] [app] 🔄 Service check amonia Berjalan...
[2025-05-05 16:43:52] [INFO] [app] 🔄 Service check amonia Berjalan...
[2025-05-05 16:43:57] [INFO] [app] 🔄 Service check amonia Berjalan...
[2025-05-05 16:43:57] [INFO] [app] 🔄 Service check amonia Berjalan...
[2025-05-05 16:44:02] [INFO] [app] 🔄 Service check amonia Berjalan...
[2025-05-05 16:44:02] [INFO] [app] 🔄 Service check amonia Berjalan...
[2025-05-05 16:44:07] [INFO] [app] 🔄 Service check amonia Berjalan...
[2025-05-05 16:44:07] [INFO] [app] 🔄 Service check amonia Berjalan...
[2025-05-05 16:44:12] [INFO] [app] 🔄 Service check amonia Berjalan...
[2025-05-05 16:44:12] [INFO] [app] 🔄 Service check amonia Berjalan...
[2025-05-05 16:44:17] [INFO] [app] 🔄 Service check amonia Berjalan...
[2025-05-05 16:44:17] [INFO] [app] 🔄 Service check amonia Berjalan...
[2025-05-05 16:44:22] [INFO] [app] 🔄 Service check amonia Berjalan...
[2025-05-05 16:44:22] [INFO] [app] 🔄 Service check amonia Berjalan...
[2025-05-05 16:44:27] [INFO] [app] 🔄 Service check amonia Berjalan...
[2025-05-05 16:44:27] [INFO] [app] 🔄 Service check amonia Berjalan...
[2025-05-05 16:44:32] [INFO] [app] 🔄 Service check amonia Berjalan...
[2025-05-05 16:44:32] [INFO] [app] 🔄 Service check amonia Berjalan...
[2025-05-05 16:44:37] [INFO] [app] 🔄 Service check amonia Berjalan...
[2025-05-05 16:44:37] [INFO] [app] 🔄 Service check amonia Berjalan...
[2025-05-05 16:44:42] [INFO] [app] 🔄 Service check amonia Berjalan...
[2025-05-05 16:44:42] [INFO] [app] 🔄 Service check amonia Berjalan...
[2025-05-05 16:44:47] [INFO] [app] 🔄 Service check amonia Berjalan...
[2025-05-05 16:44:47] [INFO] [app] 🔄 Service check amonia Berjalan...
[2025-05-05 16:44:52] [INFO] [app] 🔄 Service check amonia Berjalan...
[2025-05-05 16:44:52] [INFO] [app] 🔄 Service check amonia Berjalan...
[2025-05-05 16:44:57] [INFO] [app] 🔄 Service check amonia Berjalan...
[2025-05-05 16:44:57] [INFO] [app] 🔄 Service check amonia Berjalan...
[2025-05-05 16:45:02] [INFO] [app] 🔄 Service check amonia Berjalan...
[2025-05-05 16:45:02] [INFO] [app] 🔄 Service check amonia Berjalan...
[2025-05-05 16:45:07] [INFO] [app] 🔄 Service check amonia Berjalan...
[2025-05-05 16:45:07] [INFO] [app] 🔄 Service check amonia Berjalan...
[2025-05-05 16:45:12] [INFO] [app] 🔄 Service check amonia Berjalan...
[2025-05-05 16:45:12] [INFO] [app] 🔄 Service check amonia Berjalan...
[2025-05-05 16:45:15] [INFO] [app] 🔄 Service check amonia Berjalan...
[2025-05-05 16:45:17] [INFO] [app] 🔄 Service check amonia Berjalan...
[2025-05-05 16:45:20] [INFO] [app] 🔄 Service check amonia Berjalan...
[2025-05-05 16:45:22] [INFO] [app] 🔄 Service check amonia Berjalan...
[2025-05-05 16:45:25] [INFO] [app] 🔄 Service check amonia Berjalan...
[2025-05-05 16:45:27] [INFO] [app] 🔄 Service check amonia Berjalan...
[2025-05-05 16:45:30] [INFO] [app] 🔄 Service check amonia Berjalan...
[2025-05-05 16:45:32] [INFO] [app] 🔄 Service check amonia Berjalan...
[2025-05-05 16:45:35] [INFO] [app] 🔄 Service check amonia Berjalan...
[2025-05-05 16:45:37] [INFO] [app] 🔄 Service check amonia Berjalan...
[2025-05-05 16:45:40] [INFO] [app] 🔄 Service check amonia Berjalan...
[2025-05-05 16:45:42] [INFO] [app] 🔄 Service check amonia Berjalan...
[2025-05-05 16:45:45] [INFO] [app] 🔄 Service check amonia Berjalan...
[2025-05-05 16:45:48] [INFO] [app] 🔄 Service check amonia Berjalan...
[2025-05-05 16:45:50] [INFO] [app] 🔄 Service check amonia Berjalan...
[2025-05-05 16:45:53] [INFO] [app] 🔄 Service check amonia Berjalan...
[2025-05-05 16:45:55] [INFO] [app] 🔄 Service check amonia Berjalan...
[2025-05-05 16:45:58] [INFO] [app] 🔄 Service check amonia Berjalan...
[2025-05-05 16:46:00] [INFO] [app] 🔄 Service check amonia Berjalan...
[2025-05-05 16:46:03] [INFO] [app] 🔄 Service check amonia Berjalan...
[2025-05-05 16:46:05] [INFO] [app] 🔄 Service check amonia Berjalan...
[2025-05-05 16:46:08] [INFO] [app] 🔄 Service check amonia Berjalan...
[2025-05-05 16:46:10] [INFO] [app] 🔄 Service check amonia Berjalan...
[2025-05-05 16:46:13] [INFO] [app] 🔄 Service check amonia Berjalan...
[2025-05-05 16:46:15] [INFO] [app] 🔄 Service check amonia Berjalan...
[2025-05-05 16:46:18] [INFO] [app] 🔄 Service check amonia Berjalan...
[2025-05-05 16:46:20] [INFO] [app] 🔄 Service check amonia Berjalan...
[2025-05-05 16:46:23] [INFO] [app] 🔄 Service check amonia Berjalan...
[2025-05-05 16:46:25] [INFO] [app] 🔄 Service check amonia Berjalan...
[2025-05-05 16:46:28] [INFO] [app] 🔄 Service check amonia Berjalan...
[2025-05-05 16:46:30] [INFO] [app] 🔄 Service check amonia Berjalan...
[2025-05-05 16:46:33] [INFO] [app] 🔄 Service check amonia Berjalan...
[2025-05-05 16:46:35] [INFO] [app] 🔄 Service check amonia Berjalan...
[2025-05-05 16:46:38] [INFO] [app] 🔄 Service check amonia Berjalan...
[2025-05-05 16:46:40] [INFO] [app] 🔄 Service check amonia Berjalan...
[2025-05-05 16:46:43] [INFO] [app] 🔄 Service check amonia Berjalan...
[2025-05-05 16:46:45] [INFO] [app] 🔄 Service check amonia Berjalan...
[2025-05-05 16:46:48] [INFO] [app] 🔄 Service check amonia Berjalan...
[2025-05-05 16:46:50] [INFO] [app] 🔄 Service check amonia Berjalan...
[2025-05-05 16:46:53] [INFO] [app] 🔄 Service check amonia Berjalan...
[2025-05-05 16:46:55] [INFO] [app] 🔄 Service check amonia Berjalan...
[2025-05-05 16:46:58] [INFO] [app] 🔄 Service check amonia Berjalan...
[2025-05-05 16:47:00] [INFO] [app] 🔄 Service check amonia Berjalan...
[2025-05-05 16:47:03] [INFO] [app] 🔄 Service check amonia Berjalan...
[2025-05-05 16:47:05] [INFO] [app] 🔄 Service check amonia Berjalan...
[2025-05-05 16:47:08] [INFO] [app] 🔄 Service check amonia Berjalan...
[2025-05-05 16:47:10] [INFO] [app] 🔄 Service check amonia Berjalan...
[2025-05-05 16:47:13] [INFO] [app] 🔄 Service check amonia Berjalan...
[2025-05-05 16:47:15] [INFO] [app] 🔄 Service check amonia Berjalan...
[2025-05-05 16:47:18] [INFO] [app] 🔄 Service check amonia Berjalan...
[2025-05-05 16:47:20] [INFO] [app] 🔄 Service check amonia Berjalan...
[2025-05-05 16:47:23] [INFO] [app] 🔄 Service check amonia Berjalan...
[2025-05-05 16:47:25] [INFO] [app] 🔄 Service check amonia Berjalan...
[2025-05-05 16:47:28] [INFO] [app] 🔄 Service check amonia Berjalan...
[2025-05-05 16:47:30] [INFO] [app] 🔄 Service check amonia Berjalan...
[2025-05-05 16:47:33] [INFO] [app] 🔄 Service check amonia Berjalan...
[2025-05-05 16:47:35] [INFO] [app] 🔄 Service check amonia Berjalan...
[2025-05-05 16:47:38] [INFO] [app] 🔄 Service check amonia Berjalan...
[2025-05-05 16:47:40] [INFO] [app] 🔄 Service check amonia Berjalan...
[2025-05-05 16:47:43] [INFO] [app] 🔄 Service check amonia Berjalan...
[2025-05-05 16:47:45] [INFO] [app] 🔄 Service check amonia Berjalan...
[2025-05-05 16:47:48] [INFO] [app] 🔄 Service check amonia Berjalan...
[2025-05-05 16:47:50] [INFO] [app] 🔄 Service check amonia Berjalan...
[2025-05-05 16:47:53] [INFO] [app] 🔄 Service check amonia Berjalan...
[2025-05-05 16:47:55] [INFO] [app] 🔄 Service check amonia Berjalan...
[2025-05-05 16:47:58] [INFO] [app] 🔄 Service check amonia Berjalan...
[2025-05-05 16:48:00] [INFO] [app] 🔄 Service check amonia Berjalan...
[2025-05-05 16:48:03] [INFO] [app] 🔄 Service check amonia Berjalan...
[2025-05-05 16:48:05] [INFO] [app] 🔄 Service check amonia Berjalan...
[2025-05-05 16:48:08] [INFO] [app] 🔄 Service check amonia Berjalan...
[2025-05-05 16:48:10] [INFO] [app] 🔄 Service check amonia Berjalan...
[2025-05-05 16:48:13] [INFO] [app] 🔄 Service check amonia Berjalan...
[2025-05-05 16:48:15] [INFO] [app] 🔄 Service check amonia Berjalan...
[2025-05-05 16:48:18] [INFO] [app] 🔄 Service check amonia Berjalan...
[2025-05-05 16:48:20] [INFO] [app] 🔄 Service check amonia Berjalan...
[2025-05-05 16:48:23] [INFO] [app] 🔄 Service check amonia Berjalan...
[2025-05-05 16:48:25] [INFO] [app] 🔄 Service check amonia Berjalan...
[2025-05-05 16:48:28] [INFO] [app] 🔄 Service check amonia Berjalan...
[2025-05-05 16:48:30] [INFO] [app] 🔄 Service check amonia Berjalan...
[2025-05-05 16:48:33] [INFO] [app] 🔄 Service check amonia Berjalan...
[2025-05-05 16:48:35] [INFO] [app] 🔄 Service check amonia Berjalan...
[2025-05-05 16:48:38] [INFO] [app] 🔄 Service check amonia Berjalan...
[2025-05-05 16:48:40] [INFO] [app] 🔄 Service check amonia Berjalan...
[2025-05-05 16:48:43] [INFO] [app] 🔄 Service check amonia Berjalan...
[2025-05-05 16:48:45] [INFO] [app] 🔄 Service check amonia Berjalan...
[2025-05-05 16:48:48] [INFO] [app] 🔄 Service check amonia Berjalan...
[2025-05-05 16:48:50] [INFO] [app] 🔄 Service check amonia Berjalan...
[2025-05-05 16:48:53] [INFO] [app] 🔄 Service check amonia Berjalan...
[2025-05-05 16:48:55] [INFO] [app] 🔄 Service check amonia Berjalan...
[2025-05-05 16:48:58] [INFO] [app] 🔄 Service check amonia Berjalan...
[2025-05-05 16:49:00] [INFO] [app] 🔄 Service check amonia Berjalan...
[2025-05-05 16:49:03] [INFO] [app] 🔄 Service check amonia Berjalan...
[2025-05-05 16:49:05] [INFO] [app] 🔄 Service check amonia Berjalan...
[2025-05-05 16:49:08] [INFO] [app] 🔄 Service check amonia Berjalan...
[2025-05-05 16:49:10] [INFO] [app] 🔄 Service check amonia Berjalan...
[2025-05-05 16:49:13] [INFO] [app] 🔄 Service check amonia Berjalan...
[2025-05-05 16:49:15] [INFO] [app] 🔄 Service check amonia Berjalan...
[2025-05-05 16:49:18] [INFO] [app] 🔄 Service check amonia Berjalan...
